2025-01-28 11:45:34.889 [main] INFO  com.example.HOVCarpool.HovCarpoolApplication - Starting HovCarpoolApplication using Java 17.0.5 with PID 18644 (C:\Users\Tom Chen\Desktop\Tom 個人資料\dev\HOVCarpool_passenger\HOVCarpool\target\classes started by Tom Chen in C:\Users\Tom Chen\Desktop\Tom 個人資料\dev\HOVCarpool_passenger\HOVCarpool)
2025-01-28 11:45:34.896 [main] DEBUG com.example.HOVCarpool.HovCarpoolApplication - Running with Spring Boot v3.3.4, Spring v6.1.13
2025-01-28 11:45:34.899 [main] INFO  com.example.HOVCarpool.HovCarpoolApplication - No active profile set, falling back to 1 default profile: "default"
2025-01-28 11:45:43.697 [main] INFO  com.example.HOVCarpool.HovCarpoolApplication - Started HovCarpoolApplication in 9.356 seconds (process running for 11.392)
2025-01-28 11:45:44.220 [http-nio-8080-exec-1] INFO  com.example.HOVCarpool.controller.UserController - search ok
2025-01-28 11:46:59.392 [main] INFO  com.example.HOVCarpool.HovCarpoolApplication - Starting HovCarpoolApplication using Java 17.0.5 with PID 15456 (C:\Users\Tom Chen\Desktop\Tom 個人資料\dev\HOVCarpool_passenger\HOVCarpool\target\classes started by Tom Chen in C:\Users\Tom Chen\Desktop\Tom 個人資料\dev\HOVCarpool_passenger\HOVCarpool)
2025-01-28 11:46:59.395 [main] DEBUG com.example.HOVCarpool.HovCarpoolApplication - Running with Spring Boot v3.3.4, Spring v6.1.13
2025-01-28 11:46:59.397 [main] INFO  com.example.HOVCarpool.HovCarpoolApplication - No active profile set, falling back to 1 default profile: "default"
2025-01-28 11:47:07.622 [main] INFO  com.example.HOVCarpool.HovCarpoolApplication - Started HovCarpoolApplication in 8.859 seconds (process running for 9.948)
2025-01-28 11:47:27.651 [http-nio-8080-exec-1] INFO  com.example.HOVCarpool.controller.UserController - search ok
2025-01-28 12:02:35.001 [main] INFO  com.example.HOVCarpool.HovCarpoolApplication - Starting HovCarpoolApplication using Java 17.0.5 with PID 22212 (C:\Users\Tom Chen\Desktop\Tom 個人資料\dev\HOVCarpool_passenger\HOV_passenger\target\classes started by Tom Chen in C:\Users\Tom Chen\Desktop\Tom 個人資料\dev\HOVCarpool_passenger\HOV_passenger)
2025-01-28 12:02:35.007 [main] DEBUG com.example.HOVCarpool.HovCarpoolApplication - Running with Spring Boot v3.3.4, Spring v6.1.13
2025-01-28 12:02:35.011 [main] INFO  com.example.HOVCarpool.HovCarpoolApplication - No active profile set, falling back to 1 default profile: "default"
2025-01-28 12:02:41.915 [main] INFO  com.example.HOVCarpool.HovCarpoolApplication - Started HovCarpoolApplication in 7.433 seconds (process running for 8.344)
2025-01-28 12:02:42.325 [http-nio-8080-exec-1] INFO  com.example.HOVCarpool.controller.UserController - search ok
2025-01-28 12:02:50.182 [main] INFO  com.example.HOVCarpool.HovCarpoolApplication - Starting HovCarpoolApplication using Java 17.0.5 with PID 3484 (C:\Users\Tom Chen\Desktop\Tom 個人資料\dev\HOVCarpool_passenger\HOV_passenger\target\classes started by Tom Chen in C:\Users\Tom Chen\Desktop\Tom 個人資料\dev\HOVCarpool_passenger\HOV_passenger)
2025-01-28 12:02:50.192 [main] DEBUG com.example.HOVCarpool.HovCarpoolApplication - Running with Spring Boot v3.3.4, Spring v6.1.13
2025-01-28 12:02:50.195 [main] INFO  com.example.HOVCarpool.HovCarpoolApplication - No active profile set, falling back to 1 default profile: "default"
2025-01-28 12:02:56.834 [main] INFO  com.example.HOVCarpool.HovCarpoolApplication - Started HovCarpoolApplication in 7.199 seconds (process running for 8.572)
2025-01-28 12:04:59.942 [main] INFO  com.example.HOVCarpool.HovCarpoolApplication - Starting HovCarpoolApplication using Java 17.0.5 with PID 10792 (C:\Users\Tom Chen\Desktop\Tom 個人資料\dev\HOVCarpool_passenger\HOV_passenger\target\classes started by Tom Chen in C:\Users\Tom Chen\Desktop\Tom 個人資料\dev\HOVCarpool_passenger\HOV_passenger)
2025-01-28 12:04:59.945 [main] DEBUG com.example.HOVCarpool.HovCarpoolApplication - Running with Spring Boot v3.3.4, Spring v6.1.13
2025-01-28 12:04:59.947 [main] INFO  com.example.HOVCarpool.HovCarpoolApplication - No active profile set, falling back to 1 default profile: "default"
2025-01-28 12:05:05.927 [main] INFO  com.example.HOVCarpool.HovCarpoolApplication - Started HovCarpoolApplication in 6.541 seconds (process running for 7.515)
2025-01-28 12:06:51.645 [main] INFO  com.example.HOVCarpool.HovCarpoolApplication - Starting HovCarpoolApplication using Java 17.0.5 with PID 16248 (C:\Users\Tom Chen\Desktop\Tom 個人資料\dev\HOVCarpool_passenger\HOV_passenger\target\classes started by Tom Chen in C:\Users\Tom Chen\Desktop\Tom 個人資料\dev\HOVCarpool_passenger\HOV_passenger)
2025-01-28 12:06:51.650 [main] DEBUG com.example.HOVCarpool.HovCarpoolApplication - Running with Spring Boot v3.3.4, Spring v6.1.13
2025-01-28 12:06:51.652 [main] INFO  com.example.HOVCarpool.HovCarpoolApplication - No active profile set, falling back to 1 default profile: "default"
2025-01-28 12:07:00.548 [main] INFO  com.example.HOVCarpool.HovCarpoolApplication - Started HovCarpoolApplication in 9.675 seconds (process running for 10.991)
2025-01-28 12:11:11.175 [main] INFO  com.example.HOVCarpool.HovCarpoolApplication - Starting HovCarpoolApplication using Java 17.0.5 with PID 17680 (C:\Users\Tom Chen\Desktop\Tom 個人資料\dev\HOVCarpool_passenger\HOV_passenger\target\classes started by Tom Chen in C:\Users\Tom Chen\Desktop\Tom 個人資料\dev\HOVCarpool_passenger\HOV_passenger)
2025-01-28 12:11:11.177 [main] DEBUG com.example.HOVCarpool.HovCarpoolApplication - Running with Spring Boot v3.3.4, Spring v6.1.13
2025-01-28 12:11:11.178 [main] INFO  com.example.HOVCarpool.HovCarpoolApplication - No active profile set, falling back to 1 default profile: "default"
2025-01-28 12:11:38.000 [main] INFO  com.example.HOVCarpool.HovCarpoolApplication - Starting HovCarpoolApplication using Java 17.0.5 with PID 9476 (C:\Users\Tom Chen\Desktop\Tom 個人資料\dev\HOVCarpool_passenger\HOV_passenger\target\classes started by Tom Chen in C:\Users\Tom Chen\Desktop\Tom 個人資料\dev\HOVCarpool_passenger\HOV_passenger)
2025-01-28 12:11:38.004 [main] DEBUG com.example.HOVCarpool.HovCarpoolApplication - Running with Spring Boot v3.3.4, Spring v6.1.13
2025-01-28 12:11:38.005 [main] INFO  com.example.HOVCarpool.HovCarpoolApplication - No active profile set, falling back to 1 default profile: "default"
2025-01-28 12:11:45.295 [main] INFO  com.example.HOVCarpool.HovCarpoolApplication - Started HovCarpoolApplication in 7.788 seconds (process running for 8.542)
2025-01-28 13:43:17.615 [main] INFO  com.example.HOVCarpool.HovCarpoolApplication - Starting HovCarpoolApplication using Java 17.0.5 with PID 12436 (C:\Users\Tom Chen\Desktop\Tom 個人資料\dev\HOVCarpool_passenger\HOV_passenger\target\classes started by Tom Chen in C:\Users\Tom Chen\Desktop\Tom 個人資料\dev\HOVCarpool_passenger\HOV_passenger)
2025-01-28 13:43:17.617 [main] DEBUG com.example.HOVCarpool.HovCarpoolApplication - Running with Spring Boot v3.3.4, Spring v6.1.13
2025-01-28 13:43:17.618 [main] INFO  com.example.HOVCarpool.HovCarpoolApplication - No active profile set, falling back to 1 default profile: "default"
2025-01-28 13:43:25.030 [main] INFO  com.example.HOVCarpool.HovCarpoolApplication - Started HovCarpoolApplication in 7.858 seconds (process running for 8.719)
2025-01-28 13:56:26.189 [main] INFO  com.example.HOVCarpool.HovCarpoolApplication - Starting HovCarpoolApplication using Java 17.0.5 with PID 3280 (C:\Users\Tom Chen\Desktop\Tom 個人資料\dev\HOVCarpool_passenger\HOV_passenger\target\classes started by Tom Chen in C:\Users\Tom Chen\Desktop\Tom 個人資料\dev\HOVCarpool_passenger\HOV_passenger)
2025-01-28 13:56:26.192 [main] DEBUG com.example.HOVCarpool.HovCarpoolApplication - Running with Spring Boot v3.3.4, Spring v6.1.13
2025-01-28 13:56:26.193 [main] INFO  com.example.HOVCarpool.HovCarpoolApplication - No active profile set, falling back to 1 default profile: "default"
2025-01-28 13:56:32.522 [main] INFO  com.example.HOVCarpool.HovCarpoolApplication - Started HovCarpoolApplication in 6.793 seconds (process running for 7.586)
2025-01-28 13:56:33.744 [http-nio-8060-exec-1] INFO  com.example.HOVCarpool.controller.UserController - search ok
2025-01-28 14:02:53.465 [main] INFO  com.example.HOVCarpool.HovCarpoolApplication - Starting HovCarpoolApplication using Java 17.0.5 with PID 10400 (C:\Users\Tom Chen\Desktop\Tom 個人資料\dev\HOVCarpool_passenger\HOV_passenger\target\classes started by Tom Chen in C:\Users\Tom Chen\Desktop\Tom 個人資料\dev\HOVCarpool_passenger\HOV_passenger)
2025-01-28 14:02:53.468 [main] DEBUG com.example.HOVCarpool.HovCarpoolApplication - Running with Spring Boot v3.3.4, Spring v6.1.13
2025-01-28 14:02:53.471 [main] INFO  com.example.HOVCarpool.HovCarpoolApplication - No active profile set, falling back to 1 default profile: "default"
2025-01-28 14:03:00.414 [main] INFO  com.example.HOVCarpool.HovCarpoolApplication - Started HovCarpoolApplication in 7.501 seconds (process running for 8.308)
2025-01-28 14:03:19.585 [http-nio-8060-exec-1] INFO  c.example.HOVCarpool.controller.PassengerContoller - 乘客:13 - 預約共乘車次:1 開始
2025-01-28 14:04:45.318 [main] INFO  com.example.HOVCarpool.HovCarpoolApplication - Starting HovCarpoolApplication using Java 17.0.5 with PID 26920 (C:\Users\Tom Chen\Desktop\Tom 個人資料\dev\HOVCarpool_passenger\HOV_passenger\target\classes started by Tom Chen in C:\Users\Tom Chen\Desktop\Tom 個人資料\dev\HOVCarpool_passenger\HOV_passenger)
2025-01-28 14:04:45.320 [main] DEBUG com.example.HOVCarpool.HovCarpoolApplication - Running with Spring Boot v3.3.4, Spring v6.1.13
2025-01-28 14:04:45.321 [main] INFO  com.example.HOVCarpool.HovCarpoolApplication - No active profile set, falling back to 1 default profile: "default"
2025-01-28 14:04:52.382 [main] INFO  com.example.HOVCarpool.HovCarpoolApplication - Started HovCarpoolApplication in 7.486 seconds (process running for 8.311)
2025-01-28 14:05:12.608 [http-nio-8060-exec-1] INFO  c.example.HOVCarpool.controller.PassengerContoller - 乘客:13 - 預約共乘車次:1 開始
2025-01-28 14:05:51.279 [main] INFO  com.example.HOVCarpool.HovCarpoolApplication - Starting HovCarpoolApplication using Java 17.0.5 with PID 20188 (C:\Users\Tom Chen\Desktop\Tom 個人資料\dev\HOVCarpool_passenger\HOV_passenger\target\classes started by Tom Chen in C:\Users\Tom Chen\Desktop\Tom 個人資料\dev\HOVCarpool_passenger\HOV_passenger)
2025-01-28 14:05:51.283 [main] DEBUG com.example.HOVCarpool.HovCarpoolApplication - Running with Spring Boot v3.3.4, Spring v6.1.13
2025-01-28 14:05:51.284 [main] INFO  com.example.HOVCarpool.HovCarpoolApplication - No active profile set, falling back to 1 default profile: "default"
2025-01-28 14:05:58.154 [main] INFO  com.example.HOVCarpool.HovCarpoolApplication - Started HovCarpoolApplication in 7.306 seconds (process running for 8.051)
2025-01-28 14:06:06.873 [http-nio-8060-exec-2] INFO  c.example.HOVCarpool.controller.PassengerContoller - 乘客:13 - 預約共乘車次:1 開始
2025-01-28 14:06:44.681 [main] INFO  com.example.HOVCarpool.HovCarpoolApplication - Starting HovCarpoolApplication using Java 17.0.5 with PID 19416 (C:\Users\Tom Chen\Desktop\Tom 個人資料\dev\HOVCarpool_passenger\HOV_passenger\target\classes started by Tom Chen in C:\Users\Tom Chen\Desktop\Tom 個人資料\dev\HOVCarpool_passenger\HOV_passenger)
2025-01-28 14:06:44.684 [main] DEBUG com.example.HOVCarpool.HovCarpoolApplication - Running with Spring Boot v3.3.4, Spring v6.1.13
2025-01-28 14:06:44.685 [main] INFO  com.example.HOVCarpool.HovCarpoolApplication - No active profile set, falling back to 1 default profile: "default"
2025-01-28 14:06:51.265 [main] INFO  com.example.HOVCarpool.HovCarpoolApplication - Started HovCarpoolApplication in 7.009 seconds (process running for 7.769)
2025-01-28 14:08:18.506 [main] INFO  com.example.HOVCarpool.HovCarpoolApplication - Starting HovCarpoolApplication using Java 17.0.5 with PID 17636 (C:\Users\Tom Chen\Desktop\Tom 個人資料\dev\HOVCarpool_passenger\HOV_passenger\target\classes started by Tom Chen in C:\Users\Tom Chen\Desktop\Tom 個人資料\dev\HOVCarpool_passenger\HOV_passenger)
2025-01-28 14:08:18.510 [main] DEBUG com.example.HOVCarpool.HovCarpoolApplication - Running with Spring Boot v3.3.4, Spring v6.1.13
2025-01-28 14:08:18.512 [main] INFO  com.example.HOVCarpool.HovCarpoolApplication - No active profile set, falling back to 1 default profile: "default"
2025-01-28 14:08:26.013 [main] INFO  com.example.HOVCarpool.HovCarpoolApplication - Started HovCarpoolApplication in 8.113 seconds (process running for 9.304)
2025-01-28 14:08:28.703 [http-nio-8060-exec-1] INFO  c.example.HOVCarpool.controller.PassengerContoller - 乘客:13 - 預約共乘車次:1 開始
2025-01-28 14:08:28.814 [http-nio-8060-exec-1] INFO  c.example.HOVCarpool.controller.PassengerContoller - 重複預約
2025-01-28 14:08:28.828 [http-nio-8060-exec-1] INFO  c.example.HOVCarpool.controller.PassengerContoller - 預約失敗，請確認是否已滿位或重複預約
2025-01-28 14:08:59.136 [main] INFO  com.example.HOVCarpool.HovCarpoolApplication - Starting HovCarpoolApplication using Java 17.0.5 with PID 23460 (C:\Users\Tom Chen\Desktop\Tom 個人資料\dev\HOVCarpool_passenger\HOV_passenger\target\classes started by Tom Chen in C:\Users\Tom Chen\Desktop\Tom 個人資料\dev\HOVCarpool_passenger\HOV_passenger)
2025-01-28 14:08:59.140 [main] DEBUG com.example.HOVCarpool.HovCarpoolApplication - Running with Spring Boot v3.3.4, Spring v6.1.13
2025-01-28 14:08:59.141 [main] INFO  com.example.HOVCarpool.HovCarpoolApplication - No active profile set, falling back to 1 default profile: "default"
2025-01-28 14:09:05.129 [main] INFO  com.example.HOVCarpool.HovCarpoolApplication - Started HovCarpoolApplication in 6.423 seconds (process running for 7.19)
2025-01-28 14:09:09.129 [http-nio-8060-exec-1] INFO  c.example.HOVCarpool.controller.PassengerContoller - 乘客:13 - 預約共乘車次:1 開始
2025-01-28 14:09:09.241 [http-nio-8060-exec-1] INFO  c.e.H.service.serviceImp.PassengerServiceImp - 重複預約
2025-01-28 14:09:09.251 [http-nio-8060-exec-1] INFO  c.example.HOVCarpool.controller.PassengerContoller - 預約失敗，請確認是否已滿位或重複預約
2025-01-28 14:10:38.701 [main] INFO  com.example.HOVCarpool.HovCarpoolApplication - Starting HovCarpoolApplication using Java 17.0.5 with PID 19936 (C:\Users\Tom Chen\Desktop\Tom 個人資料\dev\HOVCarpool_passenger\HOV_passenger\target\classes started by Tom Chen in C:\Users\Tom Chen\Desktop\Tom 個人資料\dev\HOVCarpool_passenger\HOV_passenger)
2025-01-28 14:10:38.706 [main] DEBUG com.example.HOVCarpool.HovCarpoolApplication - Running with Spring Boot v3.3.4, Spring v6.1.13
2025-01-28 14:10:38.707 [main] INFO  com.example.HOVCarpool.HovCarpoolApplication - No active profile set, falling back to 1 default profile: "default"
2025-01-28 14:10:45.039 [main] INFO  com.example.HOVCarpool.HovCarpoolApplication - Started HovCarpoolApplication in 6.867 seconds (process running for 7.711)
2025-01-28 14:10:49.893 [main] INFO  com.example.HOVCarpool.HovCarpoolApplication - Starting HovCarpoolApplication using Java 17.0.5 with PID 15376 (C:\Users\Tom Chen\Desktop\Tom 個人資料\dev\HOVCarpool_passenger\HOV_passenger\target\classes started by Tom Chen in C:\Users\Tom Chen\Desktop\Tom 個人資料\dev\HOVCarpool_passenger\HOV_passenger)
2025-01-28 14:10:49.895 [main] DEBUG com.example.HOVCarpool.HovCarpoolApplication - Running with Spring Boot v3.3.4, Spring v6.1.13
2025-01-28 14:10:49.896 [main] INFO  com.example.HOVCarpool.HovCarpoolApplication - No active profile set, falling back to 1 default profile: "default"
2025-01-28 14:10:56.879 [main] INFO  com.example.HOVCarpool.HovCarpoolApplication - Started HovCarpoolApplication in 7.514 seconds (process running for 8.432)
2025-01-28 14:10:57.466 [http-nio-8060-exec-2] INFO  c.example.HOVCarpool.controller.PassengerContoller - 乘客:13 - 預約共乘車次:1 開始
2025-01-28 14:10:57.642 [http-nio-8060-exec-2] INFO  c.e.H.service.serviceImp.PassengerServiceImp - 重複預約
2025-01-28 14:10:57.657 [http-nio-8060-exec-2] INFO  c.example.HOVCarpool.controller.PassengerContoller - 乘客:13 - 預約共乘車次:1 結束. 預約結果: fail，請確認是否已滿位或重複預約
2025-01-28 14:23:43.392 [main] INFO  com.example.HOVCarpool.HovCarpoolApplication - Starting HovCarpoolApplication using Java 17.0.5 with PID 5584 (C:\Users\Tom Chen\Desktop\Tom 個人資料\dev\HOVCarpool_passenger\HOV_passenger\target\classes started by Tom Chen in C:\Users\Tom Chen\Desktop\Tom 個人資料\dev\HOVCarpool_passenger\HOV_passenger)
2025-01-28 14:23:43.395 [main] DEBUG com.example.HOVCarpool.HovCarpoolApplication - Running with Spring Boot v3.3.4, Spring v6.1.13
2025-01-28 14:23:43.396 [main] INFO  com.example.HOVCarpool.HovCarpoolApplication - No active profile set, falling back to 1 default profile: "default"
2025-01-28 14:23:50.597 [main] INFO  com.example.HOVCarpool.HovCarpoolApplication - Started HovCarpoolApplication in 7.753 seconds (process running for 8.532)
2025-01-28 14:26:41.958 [main] INFO  com.example.HOVCarpool.HovCarpoolApplication - Starting HovCarpoolApplication using Java 17.0.5 with PID 10868 (C:\Users\Tom Chen\Desktop\Tom 個人資料\dev\HOVCarpool_passenger\HOV_passenger\target\classes started by Tom Chen in C:\Users\Tom Chen\Desktop\Tom 個人資料\dev\HOVCarpool_passenger\HOV_passenger)
2025-01-28 14:26:41.961 [main] DEBUG com.example.HOVCarpool.HovCarpoolApplication - Running with Spring Boot v3.3.4, Spring v6.1.13
2025-01-28 14:26:41.962 [main] INFO  com.example.HOVCarpool.HovCarpoolApplication - No active profile set, falling back to 1 default profile: "default"
2025-01-28 14:26:49.208 [main] INFO  com.example.HOVCarpool.HovCarpoolApplication - Started HovCarpoolApplication in 7.94 seconds (process running for 8.896)
2025-01-28 14:27:04.385 [http-nio-8060-exec-2] INFO  c.example.HOVCarpool.controller.PassengerContoller - 乘客:13 - 取消共乘車次:0 開始
2025-01-28 14:27:28.489 [http-nio-8060-exec-3] INFO  c.example.HOVCarpool.controller.PassengerContoller - 乘客:13 - 取消共乘車次:0 開始
2025-01-28 14:27:28.500 [http-nio-8060-exec-3] INFO  c.example.HOVCarpool.controller.PassengerContoller - 乘客:13 - 取消共乘車次:0 結束. 取消結果: fail，請確認是否無此訂單或已取消
2025-01-28 14:28:45.691 [main] INFO  com.example.HOVCarpool.HovCarpoolApplication - Starting HovCarpoolApplication using Java 17.0.5 with PID 14532 (C:\Users\Tom Chen\Desktop\Tom 個人資料\dev\HOVCarpool_passenger\HOV_passenger\target\classes started by Tom Chen in C:\Users\Tom Chen\Desktop\Tom 個人資料\dev\HOVCarpool_passenger\HOV_passenger)
2025-01-28 14:28:45.694 [main] DEBUG com.example.HOVCarpool.HovCarpoolApplication - Running with Spring Boot v3.3.4, Spring v6.1.13
2025-01-28 14:28:45.695 [main] INFO  com.example.HOVCarpool.HovCarpoolApplication - No active profile set, falling back to 1 default profile: "default"
2025-01-28 14:28:52.761 [main] INFO  com.example.HOVCarpool.HovCarpoolApplication - Started HovCarpoolApplication in 7.498 seconds (process running for 8.362)
2025-01-28 14:28:55.673 [http-nio-8060-exec-1] INFO  c.example.HOVCarpool.controller.PassengerContoller - 乘客:13 - 預約共乘車次:1 開始
2025-01-28 14:28:55.912 [http-nio-8060-exec-1] INFO  c.example.HOVCarpool.controller.PassengerContoller - 預約代碼: 92 
2025-01-28 14:28:55.913 [http-nio-8060-exec-1] INFO  c.example.HOVCarpool.controller.PassengerContoller - 乘客:13 - 預約共乘車次:1 結束-success.
2025-01-28 14:33:17.928 [main] INFO  com.example.HOVCarpool.HovCarpoolApplication - Starting HovCarpoolApplication using Java 17.0.5 with PID 26524 (C:\Users\Tom Chen\Desktop\Tom 個人資料\dev\HOVCarpool_passenger\HOV_passenger\target\classes started by Tom Chen in C:\Users\Tom Chen\Desktop\Tom 個人資料\dev\HOVCarpool_passenger\HOV_passenger)
2025-01-28 14:33:17.964 [main] DEBUG com.example.HOVCarpool.HovCarpoolApplication - Running with Spring Boot v3.3.4, Spring v6.1.13
2025-01-28 14:33:17.968 [main] INFO  com.example.HOVCarpool.HovCarpoolApplication - No active profile set, falling back to 1 default profile: "default"
2025-01-28 14:33:23.875 [main] INFO  com.example.HOVCarpool.HovCarpoolApplication - Started HovCarpoolApplication in 6.38 seconds (process running for 7.24)
2025-01-28 14:33:29.677 [http-nio-8060-exec-1] INFO  c.example.HOVCarpool.controller.PassengerContoller - 乘客:13 - 預約共乘車次:1 開始
2025-01-28 14:33:29.800 [http-nio-8060-exec-1] INFO  c.e.H.service.serviceImp.PassengerServiceImp - 重複預約
2025-01-28 14:33:29.809 [http-nio-8060-exec-1] INFO  c.example.HOVCarpool.controller.PassengerContoller - 乘客:13 - 預約共乘車次:1 結束. 預約結果: fail，請確認是否已滿位或重複預約
2025-01-28 14:33:55.226 [main] INFO  com.example.HOVCarpool.HovCarpoolApplication - Starting HovCarpoolApplication using Java 17.0.5 with PID 24144 (C:\Users\Tom Chen\Desktop\Tom 個人資料\dev\HOVCarpool_passenger\HOV_passenger\target\classes started by Tom Chen in C:\Users\Tom Chen\Desktop\Tom 個人資料\dev\HOVCarpool_passenger\HOV_passenger)
2025-01-28 14:33:55.229 [main] DEBUG com.example.HOVCarpool.HovCarpoolApplication - Running with Spring Boot v3.3.4, Spring v6.1.13
2025-01-28 14:33:55.230 [main] INFO  com.example.HOVCarpool.HovCarpoolApplication - No active profile set, falling back to 1 default profile: "default"
2025-01-28 14:34:01.463 [main] INFO  com.example.HOVCarpool.HovCarpoolApplication - Started HovCarpoolApplication in 6.746 seconds (process running for 7.596)
2025-01-28 14:34:03.764 [http-nio-8060-exec-1] INFO  c.example.HOVCarpool.controller.PassengerContoller - 乘客:13 - 預約共乘車次:1 開始
2025-01-28 14:34:03.874 [http-nio-8060-exec-1] INFO  c.e.H.service.serviceImp.PassengerServiceImp - 重複預約
2025-01-28 14:34:03.885 [http-nio-8060-exec-1] INFO  c.example.HOVCarpool.controller.PassengerContoller - 乘客:13 - 預約共乘車次:1 結束. 預約結果: fail，請確認是否已滿位或重複預約
